May-18 15:18:18.243 [main] DEBUG nextflow.cli.Launcher - $> nextflow qualimap.nf -with-docker liamtkane/qualimap --bam '/Users/liamkane/software/bam_examples/*.bam' --out_dir /Users/liamkane/software/liam_git/nextflow/youfoolyou
May-18 15:18:18.348 [main] INFO  nextflow.cli.CmdRun - N E X T F L O W  ~  version 21.10.6
May-18 15:18:18.379 [main] INFO  nextflow.cli.CmdRun - Launching `qualimap.nf` [scruffy_cori] - revision: 61ce438d5c
May-18 15:18:18.466 [main] DEBUG nextflow.config.ConfigBuilder - Enabling execution in Docker container as requested by cli option `-with-docker liamtkane/qualimap`
May-18 15:18:18.487 [main] DEBUG nextflow.plugin.PluginsFacade - Setting up plugin manager > mode=prod; plugins-dir=/Users/liamkane/.nextflow/plugins
May-18 15:18:18.489 [main] DEBUG nextflow.plugin.PluginsFacade - Plugins default=[]
May-18 15:18:18.502 [main] INFO  org.pf4j.DefaultPluginStatusProvider - Enabled plugins: []
May-18 15:18:18.503 [main] INFO  org.pf4j.DefaultPluginStatusProvider - Disabled plugins: []
May-18 15:18:18.507 [main] INFO  org.pf4j.DefaultPluginManager - PF4J version 3.4.1 in 'deployment' mode
May-18 15:18:18.518 [main] INFO  org.pf4j.AbstractPluginManager - No plugins
May-18 15:18:18.575 [main] DEBUG nextflow.Session - Session uuid: ed956804-877a-41bf-ad18-71cc2eff353f
May-18 15:18:18.576 [main] DEBUG nextflow.Session - Run name: scruffy_cori
May-18 15:18:18.577 [main] DEBUG nextflow.Session - Executor pool size: 8
May-18 15:18:18.610 [main] DEBUG nextflow.cli.CmdRun - 
  Version: 21.10.6 build 5660
  Created: 21-12-2021 16:55 UTC (11:55 EDT)
  System: Mac OS X 10.15.7
  Runtime: Groovy 3.0.9 on OpenJDK 64-Bit Server VM 12.0.2+10
  Encoding: UTF-8 (UTF-8)
  Process: 42324@MGC-MACBOOK-PRO-2.local [10.100.20.59]
  CPUs: 8 - Mem: 16 GB (238.5 MB) - Swap: 4 GB (1.3 GB)
May-18 15:18:18.636 [main] DEBUG nextflow.Session - Work-dir: /Users/liamkane/software/liam_git/nextflow/work [Mac OS X]
May-18 15:18:18.637 [main] DEBUG nextflow.Session - Script base path does not exist or is not a directory: /Users/liamkane/software/liam_git/nextflow/bin
May-18 15:18:18.645 [main] DEBUG nextflow.executor.ExecutorFactory - Extension executors providers=[]
May-18 15:18:18.656 [main] DEBUG nextflow.Session - Observer factory: DefaultObserverFactory
May-18 15:18:18.695 [main] DEBUG nextflow.util.CustomThreadPool - Creating default thread pool > poolSize: 9; maxThreads: 1000
May-18 15:18:18.769 [main] DEBUG nextflow.Session - Session start invoked
May-18 15:18:19.499 [main] DEBUG nextflow.script.ScriptRunner - > Launching execution
May-18 15:18:19.561 [PathVisitor-1] DEBUG nextflow.file.PathVisitor - files for syntax: glob; folder: /Users/liamkane/software/bam_examples/; pattern: *.bam; options: [:]
May-18 15:18:19.595 [main] DEBUG nextflow.util.CustomThreadPool - Creating default thread pool > poolSize: 9; maxThreads: 1000
May-18 15:18:19.679 [main] DEBUG nextflow.executor.ExecutorFactory - << taskConfig executor: null
May-18 15:18:19.679 [main] DEBUG nextflow.executor.ExecutorFactory - >> processorType: 'local'
May-18 15:18:19.684 [main] DEBUG nextflow.executor.Executor - [warm up] executor > local
May-18 15:18:19.688 [main] DEBUG n.processor.LocalPollingMonitor - Creating local task monitor for executor 'local' > cpus=8; memory=16 GB; capacity=8; pollInterval=100ms; dumpInterval=5m
May-18 15:18:19.776 [main] DEBUG nextflow.Session - Workflow process names [dsl1]: qualimap
May-18 15:18:19.777 [main] DEBUG nextflow.script.ScriptRunner - > Await termination 
May-18 15:18:19.777 [main] DEBUG nextflow.Session - Session await
May-18 15:18:19.967 [Task submitter] DEBUG nextflow.executor.LocalTaskHandler - Launch cmd line: /bin/bash -ue .command.run
May-18 15:18:19.971 [Task submitter] INFO  nextflow.Session - [06/23f23f] Submitted process > qualimap (3)
May-18 15:18:19.979 [Task submitter] DEBUG nextflow.executor.LocalTaskHandler - Launch cmd line: /bin/bash -ue .command.run
May-18 15:18:19.979 [Task submitter] INFO  nextflow.Session - [33/abe2ff] Submitted process > qualimap (2)
May-18 15:18:19.989 [Task submitter] DEBUG nextflow.executor.LocalTaskHandler - Launch cmd line: /bin/bash -ue .command.run
May-18 15:18:19.989 [Task submitter] INFO  nextflow.Session - [43/fff93e] Submitted process > qualimap (1)
May-18 15:18:30.757 [Task monitor] DEBUG n.processor.TaskPollingMonitor - Task completed > TaskHandler[id: 3; name: qualimap (3); status: COMPLETED; exit: 0; error: -; workDir: /Users/liamkane/software/liam_git/nextflow/work/06/23f23fcb89c5f18861cca48f7760c7]
May-18 15:18:30.795 [Task monitor] DEBUG n.util.BlockingThreadExecutorFactory - Thread pool name=FileTransfer; maxThreads=24; maxQueueSize=72; keepAlive=1m
May-18 15:18:31.569 [Task monitor] DEBUG n.processor.TaskPollingMonitor - Task completed > TaskHandler[id: 1; name: qualimap (1); status: COMPLETED; exit: 0; error: -; workDir: /Users/liamkane/software/liam_git/nextflow/work/43/fff93e7b20389f85f50b8314360f81]
May-18 15:18:31.968 [Task monitor] DEBUG n.processor.TaskPollingMonitor - Task completed > TaskHandler[id: 2; name: qualimap (2); status: COMPLETED; exit: 0; error: -; workDir: /Users/liamkane/software/liam_git/nextflow/work/33/abe2ffc72a7827435fc6d17f6dc3ef]
May-18 15:18:31.977 [main] DEBUG nextflow.Session - Session await > all process finished
May-18 15:18:32.071 [main] DEBUG nextflow.Session - Session await > all barriers passed
May-18 15:18:32.081 [main] DEBUG nextflow.trace.WorkflowStatsObserver - Workflow completed > WorkflowStats[succeededCount=3; failedCount=0; ignoredCount=0; cachedCount=0; pendingCount=0; submittedCount=0; runningCount=0; retriesCount=0; abortedCount=0; succeedDuration=34.2s; failedDuration=0ms; cachedDuration=0ms;loadCpus=0; loadMemory=0; peakRunning=3; peakCpus=3; peakMemory=0; ]
May-18 15:18:32.169 [main] DEBUG nextflow.CacheDB - Closing CacheDB done
May-18 15:18:32.179 [main] DEBUG nextflow.script.ScriptRunner - > Execution complete -- Goodbye
