Apr-05 10:18:41.196 [main] DEBUG nextflow.cli.Launcher - $> nextflow run qualimap.nf --bam /Users/liamkane/software/liam_git/Docker/qualimap/sample.bam -with-docker liamtkane/qualimap
Apr-05 10:18:41.315 [main] INFO  nextflow.cli.CmdRun - N E X T F L O W  ~  version 21.10.6
Apr-05 10:18:41.347 [main] INFO  nextflow.cli.CmdRun - Launching `qualimap.nf` [kickass_ritchie] - revision: 9a4c3a635c
Apr-05 10:18:41.464 [main] DEBUG nextflow.config.ConfigBuilder - Enabling execution in Docker container as requested by cli option `-with-docker liamtkane/qualimap`
Apr-05 10:18:41.487 [main] DEBUG nextflow.plugin.PluginsFacade - Setting up plugin manager > mode=prod; plugins-dir=/Users/liamkane/.nextflow/plugins
Apr-05 10:18:41.489 [main] DEBUG nextflow.plugin.PluginsFacade - Plugins default=[]
Apr-05 10:18:41.504 [main] INFO  org.pf4j.DefaultPluginStatusProvider - Enabled plugins: []
Apr-05 10:18:41.506 [main] INFO  org.pf4j.DefaultPluginStatusProvider - Disabled plugins: []
Apr-05 10:18:41.511 [main] INFO  org.pf4j.DefaultPluginManager - PF4J version 3.4.1 in 'deployment' mode
Apr-05 10:18:41.523 [main] INFO  org.pf4j.AbstractPluginManager - No plugins
Apr-05 10:18:41.592 [main] DEBUG nextflow.Session - Session uuid: 3b4e1f84-bcdb-4ef0-b58a-777183b4d4ca
Apr-05 10:18:41.592 [main] DEBUG nextflow.Session - Run name: kickass_ritchie
Apr-05 10:18:41.595 [main] DEBUG nextflow.Session - Executor pool size: 8
Apr-05 10:18:41.637 [main] DEBUG nextflow.cli.CmdRun - 
  Version: 21.10.6 build 5660
  Created: 21-12-2021 16:55 UTC (11:55 EDT)
  System: Mac OS X 10.15.7
  Runtime: Groovy 3.0.9 on OpenJDK 64-Bit Server VM 12.0.2+10
  Encoding: UTF-8 (UTF-8)
  Process: 24935@MGC-MACBOOK-PRO-2.local [10.100.20.37]
  CPUs: 8 - Mem: 16 GB (5.5 GB) - Swap: 3 GB (1.2 GB)
Apr-05 10:18:41.656 [main] DEBUG nextflow.Session - Work-dir: /Users/liamkane/software/liam_git/Docker/qualimap/work [Mac OS X]
Apr-05 10:18:41.656 [main] DEBUG nextflow.Session - Script base path does not exist or is not a directory: /Users/liamkane/software/liam_git/Docker/qualimap/bin
Apr-05 10:18:41.667 [main] DEBUG nextflow.executor.ExecutorFactory - Extension executors providers=[]
Apr-05 10:18:41.681 [main] DEBUG nextflow.Session - Observer factory: DefaultObserverFactory
Apr-05 10:18:41.720 [main] DEBUG nextflow.util.CustomThreadPool - Creating default thread pool > poolSize: 9; maxThreads: 1000
Apr-05 10:18:41.801 [main] DEBUG nextflow.Session - Session start invoked
Apr-05 10:18:42.614 [main] DEBUG nextflow.script.ScriptRunner - > Launching execution
Apr-05 10:18:42.738 [main] DEBUG nextflow.executor.ExecutorFactory - << taskConfig executor: null
Apr-05 10:18:42.739 [main] DEBUG nextflow.executor.ExecutorFactory - >> processorType: 'local'
Apr-05 10:18:42.746 [main] DEBUG nextflow.executor.Executor - [warm up] executor > local
Apr-05 10:18:42.753 [main] DEBUG n.processor.LocalPollingMonitor - Creating local task monitor for executor 'local' > cpus=8; memory=16 GB; capacity=8; pollInterval=100ms; dumpInterval=5m
Apr-05 10:18:42.780 [main] DEBUG nextflow.util.CustomThreadPool - Creating default thread pool > poolSize: 9; maxThreads: 1000
Apr-05 10:18:42.820 [main] WARN  nextflow.processor.TaskProcessor - Input `set` must define at least two component -- Check process `qualimap`
Apr-05 10:18:42.923 [main] DEBUG nextflow.Session - Workflow process names [dsl1]: qualimap
Apr-05 10:18:42.923 [main] DEBUG nextflow.script.ScriptRunner - > Await termination 
Apr-05 10:18:42.923 [main] DEBUG nextflow.Session - Session await
Apr-05 10:18:43.145 [Task submitter] DEBUG nextflow.executor.LocalTaskHandler - Launch cmd line: /bin/bash -ue .command.run
Apr-05 10:18:43.152 [Task submitter] INFO  nextflow.Session - [c7/5d6bff] Submitted process > qualimap
Apr-05 10:18:44.753 [Task monitor] DEBUG n.processor.TaskPollingMonitor - Task completed > TaskHandler[id: 1; name: qualimap; status: COMPLETED; exit: 255; error: -; workDir: /Users/liamkane/software/liam_git/Docker/qualimap/work/c7/5d6bff1cbc57bf7ae6ef7e6e309b9c]
Apr-05 10:18:44.801 [Task monitor] ERROR nextflow.processor.TaskProcessor - Error executing process > 'qualimap'

Caused by:
  Process `qualimap` terminated with an error exit status (255)

Command executed:

  qualimap bamqc -bam input.1 -outdir out/ -outformat HTML

Command exit status:
  255

Command output:
  Java memory size is set to 1200M
  Launching application...
  
  QualiMap v.2.2.1
  Built on 2016-10-03 18:14
  
  Selected tool: bamqc
  Available memory (Mb): 32
  Max memory (Mb): 1216
  Starting bam qc....
  Loading sam header...
  Loading locator...
  Loading reference...
  Number of windows: 400, effective number of windows: 0
  Chunk of reads size: 1000
  Number of threads: 1
  Total processed windows:0
  Number of reads: 0
  Number of valid reads: 0
  Number of correct strand reads:0
  Tue Apr 05 14:18:44 GMT 2022		WARNING	SAMRecordParser marked 1 problematic reads.
  
  Inside of regions...
  Num mapped reads: 0
  Num mapped first of pair: 0
  Num mapped second of pair: 0
  Num singletons: 0
  Time taken to analyze reads: 0
  Tue Apr 05 14:18:44 GMT 2022		WARNING	Cleanup output dir

Command error:
  OpenJDK 64-Bit Server VM warning: ignoring option MaxPermSize=1024m; support was removed in 8.0
  Failed to run bamqc
  java.lang.RuntimeException: The BAM file is empty or corrupt
  	at org.bioinfo.ngs.qc.qualimap.process.BamStatsAnalysis.run(BamStatsAnalysis.java:520)
  	at org.bioinfo.ngs.qc.qualimap.main.BamQcTool.execute(BamQcTool.java:242)
  	at org.bioinfo.ngs.qc.qualimap.main.NgsSmartTool.run(NgsSmartTool.java:190)
  	at org.bioinfo.ngs.qc.qualimap.main.NgsSmartMain.main(NgsSmartMain.java:111)

Work dir:
  /Users/liamkane/software/liam_git/Docker/qualimap/work/c7/5d6bff1cbc57bf7ae6ef7e6e309b9c

Tip: when you have fixed the problem you can continue the execution adding the option `-resume` to the run command line
Apr-05 10:18:44.811 [main] DEBUG nextflow.Session - Session await > all process finished
Apr-05 10:18:44.812 [Task monitor] DEBUG nextflow.Session - Session aborted -- Cause: Process `qualimap` terminated with an error exit status (255)
Apr-05 10:18:44.841 [main] DEBUG nextflow.Session - Session await > all barriers passed
Apr-05 10:18:44.853 [main] DEBUG nextflow.trace.WorkflowStatsObserver - Workflow completed > WorkflowStats[succeededCount=0; failedCount=1; ignoredCount=0; cachedCount=0; pendingCount=0; submittedCount=0; runningCount=0; retriesCount=0; abortedCount=0; succeedDuration=0ms; failedDuration=1.6s; cachedDuration=0ms;loadCpus=0; loadMemory=0; peakRunning=1; peakCpus=1; peakMemory=0; ]
Apr-05 10:18:45.069 [main] DEBUG nextflow.CacheDB - Closing CacheDB done
Apr-05 10:18:45.084 [main] DEBUG nextflow.script.ScriptRunner - > Execution complete -- Goodbye
